TN:
SF:src/modules/appointments/services/CreateAppointmentService.ts
FN:16,(anonymous_18)
FN:20,CreateAppointmentService
FN:24,(anonymous_20)
FNF:3
FNH:3
FNDA:1,(anonymous_18)
FNDA:2,CreateAppointmentService
FNDA:3,(anonymous_20)
DA:1,1
DA:2,1
DA:8,1
DA:16,1
DA:21,2
DA:24,3
DA:26,3
DA:28,3
DA:30,3
DA:31,1
DA:34,2
DA:39,2
DA:41,1
DA:43,1
LF:14
LH:14
BRDA:30,0,0,1
BRDA:30,0,1,2
BRF:2
BRH:2
end_of_record
TN:
SF:src/modules/users/services/AuthenticateUserService.ts
FN:22,(anonymous_18)
FN:27,AuthenticateSessionService
FN:35,(anonymous_20)
FNF:3
FNH:3
FNDA:1,(anonymous_18)
FNDA:3,AuthenticateSessionService
FNDA:3,(anonymous_20)
DA:1,1
DA:2,1
DA:7,1
DA:9,1
DA:22,1
DA:31,3
DA:32,3
DA:35,3
DA:37,3
DA:39,3
DA:40,1
DA:43,2
DA:45,2
DA:46,1
DA:49,1
DA:51,1
DA:56,1
DA:59,1
LF:18
LH:18
BRDA:37,0,0,3
BRDA:39,1,0,1
BRDA:39,1,1,2
BRDA:45,2,0,1
BRDA:45,2,1,1
BRF:5
BRH:5
end_of_record
TN:
SF:src/modules/users/services/CreateUserService.ts
FN:16,(anonymous_18)
FN:21,CreateUserService
FN:29,(anonymous_20)
FNF:3
FNH:3
FNDA:2,(anonymous_18)
FNDA:4,CreateUserService
FNDA:5,(anonymous_20)
DA:1,2
DA:7,2
DA:16,2
DA:25,4
DA:26,4
DA:29,5
DA:31,5
DA:33,5
DA:34,1
DA:37,4
DA:39,4
DA:45,4
DA:47,2
LF:13
LH:13
BRDA:31,0,0,5
BRDA:33,1,0,1
BRDA:33,1,1,4
BRF:3
BRH:3
end_of_record
TN:
SF:src/modules/users/services/UpdateAvatarUser.ts
FN:15,(anonymous_18)
FN:20,UpdateAvatarUser
FN:31,(anonymous_20)
FNF:3
FNH:3
FNDA:1,(anonymous_18)
FNDA:3,UpdateAvatarUser
FNDA:4,(anonymous_20)
DA:1,1
DA:7,1
DA:15,1
DA:27,3
DA:28,3
DA:31,4
DA:33,4
DA:35,4
DA:36,1
DA:39,5
DA:40,2
DA:43,3
DA:45,3
DA:47,6
DA:49,3
DA:51,1
LF:16
LH:16
BRDA:33,0,0,4
BRDA:33,0,1,3
BRDA:35,1,0,1
BRDA:35,1,1,3
BRDA:39,2,0,2
BRDA:39,2,1,1
BRF:6
BRH:6
end_of_record
